<?xml version="1.0" encoding="UTF-8"?>
<!-- Generated by org.testng.reporters.JUnitReportReporter -->
<testsuite hostname="ZEPHYRUS" failures="0" tests="4" name="APITests" time="5.324" errors="0" timestamp="2022-06-20T09:17:57 COT" skipped="0">
  <testcase classname="APITests" name="testPost" time="3.349"/>
  <system-out/>
  <testcase classname="APITests" name="testGet" time="0.630"/>
  <system-out/>
  <testcase classname="APITests" name="testPut" time="0.679"/>
  <system-out/>
  <testcase classname="APITests" name="testDelete" time="0.666"/>
  <system-out/>
</testsuite> <!-- APITests -->
